2020-07-07 15:22:03,015 INFO o.a.j.u.JMeterUtils: Setting Locale to en_EN
2020-07-07 15:22:03,132 INFO o.a.j.JMeter: Loading user properties from: /usr/local/Cellar/jmeter/5.3/libexec/bin/user.properties
2020-07-07 15:22:03,144 INFO o.a.j.JMeter: Loading system properties from: /usr/local/Cellar/jmeter/5.3/libexec/bin/system.properties
2020-07-07 15:22:03,145 INFO o.a.j.JMeter: Copyright (c) 1998-2020 The Apache Software Foundation
2020-07-07 15:22:03,145 INFO o.a.j.JMeter: Version 5.3
2020-07-07 15:22:03,145 INFO o.a.j.JMeter: java.version=1.8.0_202
2020-07-07 15:22:03,146 INFO o.a.j.JMeter: java.vm.name=OpenJDK 64-Bit Server VM
2020-07-07 15:22:03,146 INFO o.a.j.JMeter: os.name=Mac OS X
2020-07-07 15:22:03,146 INFO o.a.j.JMeter: os.arch=x86_64
2020-07-07 15:22:03,146 INFO o.a.j.JMeter: os.version=10.15.5
2020-07-07 15:22:03,146 INFO o.a.j.JMeter: file.encoding=UTF-8
2020-07-07 15:22:03,146 INFO o.a.j.JMeter: java.awt.headless=null
2020-07-07 15:22:03,146 INFO o.a.j.JMeter: Max memory     =1073741824
2020-07-07 15:22:03,146 INFO o.a.j.JMeter: Available Processors =8
2020-07-07 15:22:03,150 INFO o.a.j.JMeter: Default Locale=English (EN)
2020-07-07 15:22:03,151 INFO o.a.j.JMeter: JMeter  Locale=English (EN)
2020-07-07 15:22:03,151 INFO o.a.j.JMeter: JMeterHome=/usr/local/Cellar/jmeter/5.3/libexec
2020-07-07 15:22:03,151 INFO o.a.j.JMeter: user.dir  =/Users/r0r00r5/projects/temp/test-spring-r2dbc-mssql
2020-07-07 15:22:03,151 INFO o.a.j.JMeter: PWD       =/Users/r0r00r5/projects/temp/test-spring-r2dbc-mssql
2020-07-07 15:22:03,174 INFO o.a.j.JMeter: IP: 10.0.0.18 Name: m-c02wr2enhtdd FullName: 10.0.0.18
2020-07-07 15:22:04,753 INFO o.a.j.JMeter: Setting LAF to: com.github.weisj.darklaf.DarkLaf:com.github.weisj.darklaf.theme.DarculaTheme
2020-07-07 15:22:05,712 INFO o.a.j.JMeter: Loaded icon properties from org/apache/jmeter/images/icon.properties
2020-07-07 15:22:06,938 INFO o.j.r.JARSourceHTTP: Requesting https://jmeter-plugins.org/repo/?installID=mac_os_x-b944080e17d86c7d5c591b44595d1d1a-gui
2020-07-07 15:22:08,179 INFO o.j.r.PluginManager: Plugins Status: [jpgc-plugins-manager=1.3, jmeter-core=5.3, jmeter-ftp=5.3, jmeter-http=5.3, jmeter-jdbc=5.3, jmeter-jms=5.3, jmeter-junit=5.3, jmeter-java=5.3, jmeter-ldap=5.3, jmeter-mail=5.3, jmeter-mongodb=5.3, jmeter-native=5.3, jmeter-tcp=5.3, jmeter-components=5.3]
2020-07-07 15:22:08,181 INFO o.j.r.PluginManagerMenuItem: Plugins Manager has upgrades: [jpgc-plugins-manager]
2020-07-07 15:22:14,189 INFO o.a.j.s.FileServer: Default base='/Users/r0r00r5/projects/temp/test-spring-r2dbc-mssql'
2020-07-07 15:22:14,194 INFO o.a.j.g.a.Load: Loading file: /Users/r0r00r5/projects/temp/test-spring-r2dbc-mssql/simpleTest.jmx
2020-07-07 15:22:14,194 INFO o.a.j.s.FileServer: Set new base='/Users/r0r00r5/projects/temp/test-spring-r2dbc-mssql'
2020-07-07 15:22:14,339 INFO o.a.j.s.SaveService: Testplan (JMX) version: 2.2. Testlog (JTL) version: 2.2
2020-07-07 15:22:14,375 INFO o.a.j.s.SaveService: Using SaveService properties file encoding UTF-8
2020-07-07 15:22:14,376 INFO o.a.j.s.SaveService: Using SaveService properties version 5.0
2020-07-07 15:22:14,379 INFO o.a.j.s.SaveService: Loading file: /Users/r0r00r5/projects/temp/test-spring-r2dbc-mssql/simpleTest.jmx
2020-07-07 15:22:14,525 INFO o.a.j.p.h.s.HTTPSamplerBase: Parser for text/html is org.apache.jmeter.protocol.http.parser.LagartoBasedHtmlParser
2020-07-07 15:22:14,526 INFO o.a.j.p.h.s.HTTPSamplerBase: Parser for application/xhtml+xml is org.apache.jmeter.protocol.http.parser.LagartoBasedHtmlParser
2020-07-07 15:22:14,526 INFO o.a.j.p.h.s.HTTPSamplerBase: Parser for application/xml is org.apache.jmeter.protocol.http.parser.LagartoBasedHtmlParser
2020-07-07 15:22:14,526 INFO o.a.j.p.h.s.HTTPSamplerBase: Parser for text/xml is org.apache.jmeter.protocol.http.parser.LagartoBasedHtmlParser
2020-07-07 15:22:14,526 INFO o.a.j.p.h.s.HTTPSamplerBase: Parser for text/vnd.wap.wml is org.apache.jmeter.protocol.http.parser.RegexpHTMLParser
2020-07-07 15:22:14,526 INFO o.a.j.p.h.s.HTTPSamplerBase: Parser for text/css is org.apache.jmeter.protocol.http.parser.CssParser
2020-07-07 15:22:14,730 INFO o.a.j.s.FileServer: Set new base='/Users/r0r00r5/projects/temp/test-spring-r2dbc-mssql'
